<?xml version="1.0" encoding="UTF-8"?>
<coverage generated="1727285283984" clover="3.2.0">
  <project timestamp="1727285283984" name="All files">
    <metrics statements="19" coveredstatements="16" conditionals="6" coveredconditionals="4" methods="5" coveredmethods="3" elements="30" coveredelements="23" complexity="0" loc="19" ncloc="19" packages="1" files="1" classes="1"/>
    <file name="server.js" path="C:\Users\hp\Downloads\Jedidiah\Github_Actions\src\server.js">
      <metrics statements="19" coveredstatements="16" conditionals="6" coveredconditionals="4" methods="5" coveredmethods="3"/>
      <line num="1" count="1" type="stmt"/>
      <line num="2" count="1" type="stmt"/>
      <line num="3" count="1" type="stmt"/>
      <line num="5" count="1" type="stmt"/>
      <line num="6" count="1" type="stmt"/>
      <line num="7" count="1" type="cond" truecount="1" falsecount="1"/>
      <line num="10" count="1" type="stmt"/>
      <line num="13" count="1" type="stmt"/>
      <line num="14" count="0" type="stmt"/>
      <line num="18" count="1" type="stmt"/>
      <line num="19" count="1" type="stmt"/>
      <line num="23" count="1" type="stmt"/>
      <line num="24" count="1" type="stmt"/>
      <line num="28" count="1" type="stmt"/>
      <line num="29" count="1" type="stmt"/>
      <line num="34" count="1" type="cond" truecount="1" falsecount="1"/>
      <line num="35" count="0" type="stmt"/>
      <line num="36" count="0" type="stmt"/>
      <line num="41" count="1" type="cond" truecount="2" falsecount="0"/>
    </file>
  </project>
</coverage>
