TN:
SF:src\server.js
FN:13,(anonymous_0)
FN:18,(anonymous_1)
FN:23,(anonymous_2)
FN:28,(anonymous_3)
FN:35,(anonymous_4)
FNF:5
FNH:3
FNDA:0,(anonymous_0)
FNDA:1,(anonymous_1)
FNDA:1,(anonymous_2)
FNDA:1,(anonymous_3)
FNDA:0,(anonymous_4)
DA:1,1
DA:2,1
DA:3,1
DA:5,1
DA:6,1
DA:7,1
DA:10,1
DA:13,1
DA:14,0
DA:18,1
DA:19,1
DA:23,1
DA:24,1
DA:28,1
DA:29,1
DA:34,1
DA:35,0
DA:36,0
DA:41,1
LF:19
LH:16
BRDA:7,0,0,1
BRDA:7,0,1,0
BRDA:34,1,0,0
BRDA:34,1,1,1
BRDA:41,2,0,1
BRDA:41,2,1,1
BRF:6
BRH:4
end_of_record
